<?xml version="1.0" encoding="UTF-8"?>
<!-- Generated by org.testng.reporters.JUnitReportReporter -->
<testsuite hostname="Yogesh-Laptop" failures="0" tests="2" name="Test_NG.facebook" time="21.429" errors="0" timestamp="2022-08-15T20:36:09 IST" skipped="0">
  <testcase classname="Test_NG.facebook" name="fb" time="12.871"/>
  <system-out/>
  <testcase classname="Test_NG.facebook" name="fb" time="8.558"/>
  <system-out/>
</testsuite> <!-- Test_NG.facebook -->
