<?xml version="1.0" encoding="UTF-8"?>
<!-- Generated by org.testng.reporters.JUnitReportReporter -->
<testsuite hostname="Yogesh-Laptop" failures="0" tests="2" name="Test_NG.first_day" time="27.636" errors="0" timestamp="2022-08-14T11:16:52 IST" skipped="0">
  <testcase classname="Test_NG.first_day" name="test2" time="20.507"/>
  <system-out/>
  <testcase classname="Test_NG.first_day" name="test1" time="7.129"/>
  <system-out/>
</testsuite> <!-- Test_NG.first_day -->
