<?xml version="1.0" encoding="UTF-8"?>
<!-- Generated by org.testng.reporters.JUnitReportReporter -->
<testsuite hostname="Yogesh-Laptop" failures="0" tests="1" name="Test_NG.amazon" time="14.969" errors="0" timestamp="2022-08-15T20:22:05 IST" skipped="0">
  <testcase classname="Test_NG.amazon" name="fb" time="14.969"/>
  <system-out/>
</testsuite> <!-- Test_NG.amazon -->
