<?xml version="1.0" encoding="UTF-8"?>
<!-- Generated by org.testng.reporters.JUnitReportReporter -->
<testsuite hostname="Yogesh-Laptop" failures="0" tests="1" name="Test_NG.test_3" time="0.016" errors="0" timestamp="2022-08-14T23:45:36 IST" skipped="0">
  <testcase classname="Test_NG.test_3" name="test_2" time="0.016"/>
  <system-out/>
</testsuite> <!-- Test_NG.test_3 -->
