<?xml version="1.0" encoding="UTF-8"?>
<!-- Generated by org.testng.reporters.JUnitReportReporter -->
<testsuite hostname="Yogesh-Laptop" failures="0" tests="1" name="testnG_crossbrowser.test_1" time="4.019" errors="0" timestamp="2022-08-15T00:06:38 IST" skipped="0">
  <testcase classname="testnG_crossbrowser.test_1" name="test_3" time="4.019"/>
  <system-out/>
</testsuite> <!-- testnG_crossbrowser.test_1 -->
