<?xml version="1.0" encoding="UTF-8"?>
<!-- Generated by org.testng.reporters.JUnitReportReporter -->
<testsuite hostname="Yogesh-Laptop" failures="0" tests="1" name="Test_NG.Scrolling" time="17.730" errors="0" timestamp="2022-08-17T13:40:38 IST" skipped="0">
  <testcase classname="Test_NG.Scrolling" name="scroll" time="17.730"/>
  <system-out/>
</testsuite> <!-- Test_NG.Scrolling -->
